<?xml version="1.0" encoding="UTF-8"?>
<!-- Generated by org.testng.reporters.JUnitReportReporter -->
<testsuite hostname="QA1082" failures="0" tests="1" name="com.qa.orangehrm.test.LoginPageTest" time="3.991" errors="0" timestamp="2024-12-03T20:44:42 IST" skipped="0">
  <testcase classname="com.qa.orangehrm.test.LoginPageTest" name="scenario2test" time="3.991"/>
</testsuite> <!-- com.qa.orangehrm.test.LoginPageTest -->
